No command pip-cache found, did you mean:
 Command apt-cache in package apt
 Command fc-cache in package fontconfig-utils
 Command ref-cache in package htslib
No command pip-cache found, did you mean:
 Command apt-cache in package apt
 Command fc-cache in package fontconfig-utils
 Command ref-cache in package htslib
No command pip-cache found, did you mean:
 Command apt-cache in package apt
 Command fc-cache in package fontconfig-utils
 Command ref-cache in package htslib
No command pip-cache found, did you mean:
 Command apt-cache in package apt
 Command fc-cache in package fontconfig-utils
 Command ref-cache in package htslib
No command pip-cache found, did you mean:
 Command apt-cache in package apt
 Command fc-cache in package fontconfig-utils
 Command ref-cache in package htslib
No command pip-cache found, did you mean:
 Command apt-cache in package apt
 Command fc-cache in package fontconfig-utils
 Command ref-cache in package htslib
No command pip-cache found, did you mean:
 Command apt-cache in package apt
 Command fc-cache in package fontconfig-utils
 Command ref-cache in package htslib
No command pip-cache found, did you mean:
 Command apt-cache in package apt
 Command fc-cache in package fontconfig-utils
 Command ref-cache in package htslib
No command pip-cache found, did you mean:
 Command apt-cache in package apt
 Command fc-cache in package fontconfig-utils
 Command ref-cache in package htslib
No command pip-cache found, did you mean:
 Command apt-cache in package apt
 Command fc-cache in package fontconfig-utils
 Command ref-cache in package htslib
No command No command pip-cachepip-cache found, did you mean: found, did you mean:

 Command  Command apt-cacheapt-cache in package  in package aptapt

 Command  Command fc-cachefc-cache in package  in package fontconfig-utilsfontconfig-utils

 Command  Command ref-cacheref-cache in package  in package htslibhtslib

No command No command pip-cachepip-cache found, did you mean: found, did you mean:

 Command  Command apt-cacheapt-cache in package  in package aptapt

 Command  Command fc-cachefc-cache in package  in package fontconfig-utilsfontconfig-utils

 Command  Command ref-cacheref-cache in package  in package htslibhtslib

No command pip-cache found, did you mean:
 Command apt-cache in package apt
 Command fc-cache in package fontconfig-utils
 Command ref-cache in package htslib
No command pip-cache found, did you mean:
 Command apt-cache in package apt
 Command fc-cache in package fontconfig-utils
 Command ref-cache in package htslib
No command pip-cache found, did you mean:
 Command apt-cache in package apt
 Command fc-cache in package fontconfig-utils
 Command ref-cache in package htslib
No command pip-cache found, did you mean:
 Command apt-cache in package apt
 Command fc-cache in package fontconfig-utils
 Command ref-cache in package htslib
No command pip-cache found, did you mean:
 Command apt-cache in package apt
 Command fc-cache in package fontconfig-utils
 Command ref-cache in package htslib
No command pip-cache found, did you mean:
 Command apt-cache in package apt
 Command fc-cache in package fontconfig-utils
 Command ref-cache in package htslib
No command pip-cache found, did you mean:
 Command apt-cache in package apt
 Command fc-cache in package fontconfig-utils
 Command ref-cache in package htslib
No command pip-cache found, did you mean:
 Command apt-cache in package apt
 Command fc-cache in package fontconfig-utils
 Command ref-cache in package htslib
No command pip-cache found, did you mean:
 Command apt-cache in package apt
 Command fc-cache in package fontconfig-utils
 Command ref-cache in package htslib
No command pip-cache found, did you mean:
 Command apt-cache in package apt
 Command fc-cache in package fontconfig-utils
 Command ref-cache in package htslib
No command pip-cache found, did you mean:
 Command apt-cache in package apt
 Command fc-cache in package fontconfig-utils
 Command ref-cache in package htslib
No command pip-cache found, did you mean:
 Command apt-cache in package apt
 Command fc-cache in package fontconfig-utils
 Command ref-cache in package htslib
No command pip-cache found, did you mean:
 Command apt-cache in package apt
 Command fc-cache in package fontconfig-utils
 Command ref-cache in package htslib
No command pip-cache found, did you mean:
 Command apt-cache in package apt
 Command fc-cache in package fontconfig-utils
 Command ref-cache in package htslib
No command pip-cache found, did you mean:
 Command apt-cache in package apt
 Command fc-cache in package fontconfig-utils
 Command ref-cache in package htslib
No command pip-cache found, did you mean:
 Command apt-cache in package apt
 Command fc-cache in package fontconfig-utils
 Command ref-cache in package htslib
No command pip-cache found, did you mean:
 Command apt-cache in package apt
 Command fc-cache in package fontconfig-utils
 Command ref-cache in package htslib
No command pip-cache found, did you mean:
 Command apt-cache in package apt
 Command fc-cache in package fontconfig-utils
 Command ref-cache in package htslib
No command pip-cache found, did you mean:
 Command apt-cache in package apt
 Command fc-cache in package fontconfig-utils
 Command ref-cache in package htslib
No command pip-cache found, did you mean:
 Command apt-cache in package apt
 Command fc-cache in package fontconfig-utils
 Command ref-cache in package htslib
No command pip-cache found, did you mean:
 Command apt-cache in package apt
 Command fc-cache in package fontconfig-utils
 Command ref-cache in package htslib
No command pip-cache found, did you mean:
 Command apt-cache in package apt
 Command fc-cache in package fontconfig-utils
 Command ref-cache in package htslib
No command pip-cache found, did you mean:
 Command apt-cache in package apt
 Command fc-cache in package fontconfig-utils
 Command ref-cache in package htslib
No command pip-cache found, did you mean:
 Command apt-cache in package apt
 Command fc-cache in package fontconfig-utils
 Command ref-cache in package htslib
No command pip-cache found, did you mean:
 Command apt-cache in package apt
 Command fc-cache in package fontconfig-utils
 Command ref-cache in package htslib
No command pip-cache found, did you mean:
 Command apt-cache in package apt
 Command fc-cache in package fontconfig-utils
 Command ref-cache in package htslib
No command pip-cache found, did you mean:
 Command apt-cache in package apt
 Command fc-cache in package fontconfig-utils
 Command ref-cache in package htslib
No command pip-cache found, did you mean:
 Command apt-cache in package apt
 Command fc-cache in package fontconfig-utils
 Command ref-cache in package htslib
No command pip-cache found, did you mean:
 Command apt-cache in package apt
 Command fc-cache in package fontconfig-utils
 Command ref-cache in package htslib
No command pip-cache found, did you mean:
 Command apt-cache in package apt
 Command fc-cache in package fontconfig-utils
 Command ref-cache in package htslib
