TRAPINT:zle:1: can only be called from widget function
FORTIFY: putc: null FILE*
FORTIFY: putc: null FILE*
fatal: not a git repository: '$HOME/.dotfiles/'
fatal: not a git repository: '$HOME/.dotfiles/'
FORTIFY: putc: null FILE*
FORTIFY: putc: null FILE*
FORTIFY: putc: null FILE*
FORTIFY: putc: null FILE*
FORTIFY: putc: null FILE*
FORTIFY: putc: null FILE*
TRAPINT:zle:1: can only be called from widget function
FORTIFY: putc: null FILE*
FORTIFY: putc: null FILE*
FORTIFY: putc: null FILE*
FORTIFY: putc: null FILE*
FORTIFY: putc: null FILE*
FORTIFY: putc: null FILE*
FORTIFY: putc: null FILE*
TRAPINT:zle:1: can only be called from widget function
TRAPINT:zle:1: can only be called from widget function
TRAPINT:zle:1: can only be called from widget function
TRAPINT:zle:1: can only be called from widget function
TRAPINT:zle:1: can only be called from widget function
TRAPINT:zle:1: can only be called from widget function
FORTIFY: putc: null FILE*
FORTIFY: putc: null FILE*
FORTIFY: putc: null FILE*
FORTIFY: putc: null FILE*
FORTIFY: putc: null FILE*
FORTIFY: putc: null FILE*
FORTIFY: putc: null FILE*
FORTIFY: putc: null FILE*
FORTIFY: putc: null FILE*
FORTIFY: putc: null FILE*
FORTIFY: putc: null FILE*
FORTIFY: putc: null FILE*
FORTIFY: putc: null FILE*
FORTIFY: putc: null FILE*
FORTIFY: putc: null FILE*
FORTIFY: putc: null FILE*
FORTIFY: putc: null FILE*
FORTIFY: putc: null FILE*
FORTIFY: putc: null FILE*
FORTIFY: putc: null FILE*
FORTIFY: putc: null FILE*
FORTIFY: putc: null FILE*
FORTIFY: putc: null FILE*
FORTIFY: putc: null FILE*
FORTIFY: putc: null FILE*
FORTIFY: putc: null FILE*
FORTIFY: putc: null FILE*
FORTIFY: putc: null FILE*
FORTIFY: putc: null FILE*
FORTIFY: putc: null FILE*
FORTIFY: putc: null FILE*
FORTIFY: putc: null FILE*
FORTIFY: putc: null FILE*
FORTIFY: putc: null FILE*
.autocomplete:async:pty:zle-widget:16: completion cannot be used recursively (yet)
.autocomplete:async:complete:fd-widget:40: completion cannot be used recursively (yet)
FORTIFY: putc: null FILE*
FORTIFY: putc: null FILE*
FORTIFY: putc: null FILE*
FORTIFY: putc: null FILE*
FORTIFY: putc: null FILE*
FORTIFY: putc: null FILE*
FORTIFY: putc: null FILE*
FORTIFY: putc: null FILE*
FORTIFY: putc: null FILE*
FORTIFY: putc: null FILE*
FORTIFY: putc: null FILE*
FORTIFY: putc: null FILE*
FORTIFY: putc: null FILE*
FORTIFY: putc: null FILE*
FORTIFY: putc: null FILE*
FORTIFY: putc: null FILE*
FORTIFY: putc: null FILE*
FORTIFY: putc: null FILE*
FORTIFY: putc: null FILE*
FORTIFY: putc: null FILE*
FORTIFY: putc: null FILE*
FORTIFY: putc: null FILE*
FORTIFY: putc: null FILE*
FORTIFY: putc: null FILE*
FORTIFY: putc: null FILE*
FORTIFY: putc: null FILE*
FORTIFY: putc: null FILE*
FORTIFY: putc: null FILE*
FORTIFY: putc: null FILE*
FORTIFY: putc: null FILE*
FORTIFY: putc: null FILE*
FORTIFY: putc: null FILE*
FORTIFY: putc: null FILE*
FORTIFY: putc: null FILE*
FORTIFY: putc: null FILE*
FORTIFY: putc: null FILE*
FORTIFY: putc: null FILE*
FORTIFY: putc: null FILE*
FORTIFY: putc: null FILE*
FORTIFY: putc: null FILE*
FORTIFY: putc: null FILE*
FORTIFY: putc: null FILE*
FORTIFY: putc: null FILE*
FORTIFY: putc: null FILE*
FORTIFY: putc: null FILE*
FORTIFY: putc: null FILE*
FORTIFY: putc: null FILE*
FORTIFY: putc: null FILE*
FORTIFY: putc: null FILE*
FORTIFY: putc: null FILE*
FORTIFY: putc: null FILE*
FORTIFY: putc: null FILE*
FORTIFY: putc: null FILE*
FORTIFY: putc: null FILE*
FORTIFY: putc: null FILE*
FORTIFY: putc: null FILE*
FORTIFY: putc: null FILE*
FORTIFY: putc: null FILE*
FORTIFY: putc: null FILE*
FORTIFY: putc: null FILE*
FORTIFY: putc: null FILE*
FORTIFY: putc: null FILE*
FORTIFY: putc: null FILE*
FORTIFY: putc: null FILE*
fatal: not a git repository: '$HOME/.dotfiles/'
fatal: not a git repository: '$HOME/.dotfiles/'
FORTIFY: putc: null FILE*
FORTIFY: putc: null FILE*
FORTIFY: putc: null FILE*
FORTIFY: putc: null FILE*
FORTIFY: putc: null FILE*
